WARNING 2025-10-16 08:54:51,754 log 7888 6588 Unauthorized: /api/communication/reports/create/
WARNING 2025-10-16 08:54:53,680 log 7888 6588 Unauthorized: /api/communication/reports/in-progress/
WARNING 2025-10-16 08:54:55,529 log 7888 6588 Unauthorized: /api/communication/reports/open/
WARNING 2025-10-16 08:54:57,071 log 7888 6588 Unauthorized: /api/communication/reports/open/
WARNING 2025-10-16 08:54:58,806 log 7888 6588 Unauthorized: /api/communication/reports/resolved/
WARNING 2025-10-16 08:55:00,482 log 7888 6588 Unauthorized: /api/communication/reports/send-email/
WARNING 2025-10-16 08:55:03,657 log 7888 6588 Unauthorized: /api/communication/reports/1/update-status/
WARNING 2025-10-16 08:55:05,541 log 7888 6588 Unauthorized: /api/communication/reports/1/update-status/
WARNING 2025-10-16 08:55:07,780 log 7888 6588 Unauthorized: /api/communication/reports/urgent/
WARNING 2025-10-16 08:55:09,769 log 7888 6588 Unauthorized: /api/payments/initiate-deposit/
WARNING 2025-10-16 08:55:19,900 log 7888 6588 Unauthorized: /api/payments/rent-payments/summary/
WARNING 2025-10-16 09:27:53,758 log 14708 10292 Unauthorized: /api/communication/reports/create/
WARNING 2025-10-16 09:27:57,208 log 14708 10292 Unauthorized: /api/communication/reports/in-progress/
WARNING 2025-10-16 09:28:01,730 log 14708 10292 Unauthorized: /api/communication/reports/open/
WARNING 2025-10-16 09:28:07,060 log 14708 10292 Unauthorized: /api/communication/reports/open/
WARNING 2025-10-16 09:28:11,252 log 14708 10292 Unauthorized: /api/communication/reports/resolved/
WARNING 2025-10-16 09:28:15,254 log 14708 10292 Unauthorized: /api/communication/reports/send-email/
WARNING 2025-10-16 09:28:21,214 log 14708 10292 Unauthorized: /api/communication/reports/1/update-status/
WARNING 2025-10-16 09:28:24,641 log 14708 10292 Unauthorized: /api/communication/reports/1/update-status/
WARNING 2025-10-16 09:28:30,202 log 14708 10292 Unauthorized: /api/communication/reports/urgent/
WARNING 2025-10-16 09:28:34,309 log 14708 10292 Unauthorized: /api/payments/initiate-deposit/
WARNING 2025-10-16 09:28:53,730 log 14708 10292 Unauthorized: /api/payments/rent-payments/summary/
